{"name":"hexo","hostname":"coding.ide","pid":27640,"level":20,"msg":"Hexo version: \u001b[35m3.2.2\u001b[39m","time":"2016-12-16T10:57:12.233Z","v":0}
{"name":"hexo","hostname":"coding.ide","pid":27640,"level":20,"msg":"Working directory: \u001b[35m~/workspace/\u001b[39m","time":"2016-12-16T10:57:12.242Z","v":0}
{"name":"hexo","hostname":"coding.ide","pid":27640,"level":20,"msg":"Config loaded: \u001b[35m~/workspace/_config.yml\u001b[39m","time":"2016-12-16T10:57:12.386Z","v":0}
{"name":"hexo","hostname":"coding.ide","pid":27640,"level":20,"msg":"Script loaded: \u001b[35mthemes/next/scripts/merge-configs.js\u001b[39m","time":"2016-12-16T10:57:12.409Z","v":0}
{"name":"hexo","hostname":"coding.ide","pid":27640,"level":20,"msg":"Script loaded: \u001b[35mthemes/next/scripts/tags/center-quote.js\u001b[39m","time":"2016-12-16T10:57:12.412Z","v":0}
{"name":"hexo","hostname":"coding.ide","pid":27640,"level":20,"msg":"Script loaded: \u001b[35mthemes/next/scripts/tags/full-image.js\u001b[39m","time":"2016-12-16T10:57:12.414Z","v":0}
{"name":"hexo","hostname":"coding.ide","pid":27640,"level":20,"msg":"Script loaded: \u001b[35mthemes/next/scripts/tags/group-pictures.js\u001b[39m","time":"2016-12-16T10:57:12.417Z","v":0}
{"name":"hexo","hostname":"coding.ide","pid":27640,"level":20,"msg":"Script loaded: \u001b[35mthemes/next/scripts/tags/note.js\u001b[39m","time":"2016-12-16T10:57:12.418Z","v":0}
{"name":"hexo","hostname":"coding.ide","pid":27640,"level":20,"msg":"Plugin loaded: \u001b[35mhexo-deployer-git\u001b[39m","time":"2016-12-16T10:57:12.748Z","v":0}
{"name":"hexo","hostname":"coding.ide","pid":27640,"level":20,"msg":"Plugin loaded: \u001b[35mhexo-generator-archive\u001b[39m","time":"2016-12-16T10:57:12.754Z","v":0}
{"name":"hexo","hostname":"coding.ide","pid":27640,"level":20,"msg":"Plugin loaded: \u001b[35mhexo-generator-category\u001b[39m","time":"2016-12-16T10:57:12.758Z","v":0}
{"name":"hexo","hostname":"coding.ide","pid":27640,"level":20,"msg":"Plugin loaded: \u001b[35mhexo-generator-index\u001b[39m","time":"2016-12-16T10:57:12.764Z","v":0}
{"name":"hexo","hostname":"coding.ide","pid":27640,"level":20,"msg":"Plugin loaded: \u001b[35mhexo-generator-tag\u001b[39m","time":"2016-12-16T10:57:12.769Z","v":0}
{"name":"hexo","hostname":"coding.ide","pid":27640,"level":20,"msg":"Plugin loaded: \u001b[35mhexo-renderer-ejs\u001b[39m","time":"2016-12-16T10:57:12.774Z","v":0}
{"name":"hexo","hostname":"coding.ide","pid":27640,"level":20,"msg":"Plugin loaded: \u001b[35mhexo-renderer-marked\u001b[39m","time":"2016-12-16T10:57:12.872Z","v":0}
{"name":"hexo","hostname":"coding.ide","pid":27640,"level":20,"msg":"Plugin loaded: \u001b[35mhexo-renderer-stylus\u001b[39m","time":"2016-12-16T10:57:12.876Z","v":0}
{"name":"hexo","hostname":"coding.ide","pid":27640,"level":20,"msg":"Plugin loaded: \u001b[35mhexo-server\u001b[39m","time":"2016-12-16T10:57:13.031Z","v":0}
{"name":"hexo","hostname":"coding.ide","pid":27640,"level":20,"msg":"Loading database.","time":"2016-12-16T10:57:13.047Z","v":0}
{"name":"hexo","hostname":"coding.ide","pid":27640,"level":30,"msg":"Start processing","time":"2016-12-16T10:57:13.139Z","v":0}
{"name":"hexo","hostname":"coding.ide","pid":27640,"level":20,"msg":"Processed: \u001b[35m_posts/hello-world.md\u001b[39m","time":"2016-12-16T10:57:13.348Z","v":0}
{"name":"hexo","hostname":"coding.ide","pid":27640,"level":20,"msg":"Processed: \u001b[35mcategories/index.md\u001b[39m","time":"2016-12-16T10:57:13.350Z","v":0}
{"name":"hexo","hostname":"coding.ide","pid":27640,"level":20,"msg":"Processed: \u001b[35mtags/index.md\u001b[39m","time":"2016-12-16T10:57:13.351Z","v":0}
{"name":"hexo","hostname":"coding.ide","pid":27640,"level":20,"msg":"Theme config loaded.","time":"2016-12-16T10:57:13.505Z","v":0}
{"name":"hexo","hostname":"coding.ide","pid":27640,"level":20,"msg":"Processed: \u001b[35m_config.yml\u001b[39m","time":"2016-12-16T10:57:13.514Z","v":0}
{"name":"hexo","hostname":"coding.ide","pid":27640,"level":20,"msg":"Processed: \u001b[35msource/css/main.styl\u001b[39m","time":"2016-12-16T10:57:13.520Z","v":0}
{"name":"hexo","hostname":"coding.ide","pid":27640,"level":20,"msg":"Processed: \u001b[35msource/images/algolia_logo.svg\u001b[39m","time":"2016-12-16T10:57:13.522Z","v":0}
{"name":"hexo","hostname":"coding.ide","pid":27640,"level":20,"msg":"Processed: \u001b[35msource/images/avatar.gif\u001b[39m","time":"2016-12-16T10:57:13.524Z","v":0}
{"name":"hexo","hostname":"coding.ide","pid":27640,"level":20,"msg":"Processed: \u001b[35msource/images/cc-by-nc-nd.svg\u001b[39m","time":"2016-12-16T10:57:13.526Z","v":0}
{"name":"hexo","hostname":"coding.ide","pid":27640,"level":20,"msg":"Processed: \u001b[35msource/images/cc-by-nc-sa.svg\u001b[39m","time":"2016-12-16T10:57:13.529Z","v":0}
{"name":"hexo","hostname":"coding.ide","pid":27640,"level":20,"msg":"Processed: \u001b[35msource/images/cc-by-nc.svg\u001b[39m","time":"2016-12-16T10:57:13.531Z","v":0}
{"name":"hexo","hostname":"coding.ide","pid":27640,"level":20,"msg":"Processed: \u001b[35msource/images/cc-by-nd.svg\u001b[39m","time":"2016-12-16T10:57:13.533Z","v":0}
{"name":"hexo","hostname":"coding.ide","pid":27640,"level":20,"msg":"Processed: \u001b[35msource/images/cc-by-sa.svg\u001b[39m","time":"2016-12-16T10:57:13.535Z","v":0}
{"name":"hexo","hostname":"coding.ide","pid":27640,"level":20,"msg":"Processed: \u001b[35msource/images/cc-by.svg\u001b[39m","time":"2016-12-16T10:57:13.536Z","v":0}
{"name":"hexo","hostname":"coding.ide","pid":27640,"level":20,"msg":"Processed: \u001b[35msource/images/cc-zero.svg\u001b[39m","time":"2016-12-16T10:57:13.539Z","v":0}
{"name":"hexo","hostname":"coding.ide","pid":27640,"level":20,"msg":"Processed: \u001b[35msource/images/loading.gif\u001b[39m","time":"2016-12-16T10:57:13.540Z","v":0}
{"name":"hexo","hostname":"coding.ide","pid":27640,"level":20,"msg":"Processed: \u001b[35msource/images/placeholder.gif\u001b[39m","time":"2016-12-16T10:57:13.542Z","v":0}
{"name":"hexo","hostname":"coding.ide","pid":27640,"level":20,"msg":"Processed: \u001b[35msource/images/quote-l.svg\u001b[39m","time":"2016-12-16T10:57:13.557Z","v":0}
{"name":"hexo","hostname":"coding.ide","pid":27640,"level":20,"msg":"Processed: \u001b[35msource/images/quote-r.svg\u001b[39m","time":"2016-12-16T10:57:13.558Z","v":0}
{"name":"hexo","hostname":"coding.ide","pid":27640,"level":20,"msg":"Processed: \u001b[35msource/images/searchicon.png\u001b[39m","time":"2016-12-16T10:57:13.558Z","v":0}
{"name":"hexo","hostname":"coding.ide","pid":27640,"level":20,"msg":"Processed: \u001b[35mlayout/_layout.swig\u001b[39m","time":"2016-12-16T10:57:13.946Z","v":0}
{"name":"hexo","hostname":"coding.ide","pid":27640,"level":20,"msg":"Processed: \u001b[35mlayout/archive.swig\u001b[39m","time":"2016-12-16T10:57:13.947Z","v":0}
{"name":"hexo","hostname":"coding.ide","pid":27640,"level":20,"msg":"Processed: \u001b[35mlayout/category.swig\u001b[39m","time":"2016-12-16T10:57:13.947Z","v":0}
{"name":"hexo","hostname":"coding.ide","pid":27640,"level":20,"msg":"Processed: \u001b[35mlayout/index.swig\u001b[39m","time":"2016-12-16T10:57:13.948Z","v":0}
{"name":"hexo","hostname":"coding.ide","pid":27640,"level":20,"msg":"Processed: \u001b[35mlayout/page.swig\u001b[39m","time":"2016-12-16T10:57:13.948Z","v":0}
{"name":"hexo","hostname":"coding.ide","pid":27640,"level":20,"msg":"Processed: \u001b[35mlayout/post.swig\u001b[39m","time":"2016-12-16T10:57:13.949Z","v":0}
{"name":"hexo","hostname":"coding.ide","pid":27640,"level":20,"msg":"Processed: \u001b[35mlayout/schedule.swig\u001b[39m","time":"2016-12-16T10:57:13.950Z","v":0}
{"name":"hexo","hostname":"coding.ide","pid":27640,"level":20,"msg":"Processed: \u001b[35mlayout/tag.swig\u001b[39m","time":"2016-12-16T10:57:13.950Z","v":0}
{"name":"hexo","hostname":"coding.ide","pid":27640,"level":20,"msg":"Processed: \u001b[35mlanguages/de.yml\u001b[39m","time":"2016-12-16T10:57:14.048Z","v":0}
{"name":"hexo","hostname":"coding.ide","pid":27640,"level":20,"msg":"Processed: \u001b[35mlanguages/default.yml\u001b[39m","time":"2016-12-16T10:57:14.049Z","v":0}
{"name":"hexo","hostname":"coding.ide","pid":27640,"level":20,"msg":"Processed: \u001b[35mlanguages/en.yml\u001b[39m","time":"2016-12-16T10:57:14.050Z","v":0}
{"name":"hexo","hostname":"coding.ide","pid":27640,"level":20,"msg":"Processed: \u001b[35mlanguages/fr-FR.yml\u001b[39m","time":"2016-12-16T10:57:14.053Z","v":0}
{"name":"hexo","hostname":"coding.ide","pid":27640,"level":20,"msg":"Processed: \u001b[35mlanguages/id.yml\u001b[39m","time":"2016-12-16T10:57:14.053Z","v":0}
{"name":"hexo","hostname":"coding.ide","pid":27640,"level":20,"msg":"Processed: \u001b[35mlanguages/ja.yml\u001b[39m","time":"2016-12-16T10:57:14.054Z","v":0}
{"name":"hexo","hostname":"coding.ide","pid":27640,"level":20,"msg":"Processed: \u001b[35mlanguages/ko.yml\u001b[39m","time":"2016-12-16T10:57:14.055Z","v":0}
{"name":"hexo","hostname":"coding.ide","pid":27640,"level":20,"msg":"Processed: \u001b[35mlanguages/pt-BR.yml\u001b[39m","time":"2016-12-16T10:57:14.056Z","v":0}
{"name":"hexo","hostname":"coding.ide","pid":27640,"level":20,"msg":"Processed: \u001b[35mlanguages/pt.yml\u001b[39m","time":"2016-12-16T10:57:14.056Z","v":0}
{"name":"hexo","hostname":"coding.ide","pid":27640,"level":20,"msg":"Processed: \u001b[35mlanguages/ru.yml\u001b[39m","time":"2016-12-16T10:57:14.057Z","v":0}
{"name":"hexo","hostname":"coding.ide","pid":27640,"level":20,"msg":"Processed: \u001b[35mlanguages/zh-Hans.yml\u001b[39m","time":"2016-12-16T10:57:14.059Z","v":0}
{"name":"hexo","hostname":"coding.ide","pid":27640,"level":20,"msg":"Processed: \u001b[35mlanguages/zh-hk.yml\u001b[39m","time":"2016-12-16T10:57:14.059Z","v":0}
{"name":"hexo","hostname":"coding.ide","pid":27640,"level":20,"msg":"Processed: \u001b[35mlanguages/zh-tw.yml\u001b[39m","time":"2016-12-16T10:57:14.059Z","v":0}
{"name":"hexo","hostname":"coding.ide","pid":27640,"level":20,"msg":"Processed: \u001b[35msource/js/src/affix.js\u001b[39m","time":"2016-12-16T10:57:14.061Z","v":0}
{"name":"hexo","hostname":"coding.ide","pid":27640,"level":20,"msg":"Processed: \u001b[35msource/js/src/algolia-search.js\u001b[39m","time":"2016-12-16T10:57:14.062Z","v":0}
{"name":"hexo","hostname":"coding.ide","pid":27640,"level":20,"msg":"Processed: \u001b[35msource/js/src/bootstrap.js\u001b[39m","time":"2016-12-16T10:57:14.063Z","v":0}
{"name":"hexo","hostname":"coding.ide","pid":27640,"level":20,"msg":"Processed: \u001b[35msource/js/src/hook-duoshuo.js\u001b[39m","time":"2016-12-16T10:57:14.063Z","v":0}
{"name":"hexo","hostname":"coding.ide","pid":27640,"level":20,"msg":"Processed: \u001b[35msource/js/src/motion.js\u001b[39m","time":"2016-12-16T10:57:14.064Z","v":0}
{"name":"hexo","hostname":"coding.ide","pid":27640,"level":20,"msg":"Processed: \u001b[35msource/js/src/post-details.js\u001b[39m","time":"2016-12-16T10:57:14.064Z","v":0}
{"name":"hexo","hostname":"coding.ide","pid":27640,"level":20,"msg":"Processed: \u001b[35msource/js/src/scrollspy.js\u001b[39m","time":"2016-12-16T10:57:14.065Z","v":0}
{"name":"hexo","hostname":"coding.ide","pid":27640,"level":20,"msg":"Processed: \u001b[35msource/lib/fastclick/LICENSE\u001b[39m","time":"2016-12-16T10:57:14.065Z","v":0}
{"name":"hexo","hostname":"coding.ide","pid":27640,"level":20,"msg":"Processed: \u001b[35msource/lib/fastclick/README.md\u001b[39m","time":"2016-12-16T10:57:14.066Z","v":0}
{"name":"hexo","hostname":"coding.ide","pid":27640,"level":20,"msg":"Processed: \u001b[35msource/lib/fastclick/bower.json\u001b[39m","time":"2016-12-16T10:57:14.068Z","v":0}
{"name":"hexo","hostname":"coding.ide","pid":27640,"level":20,"msg":"Processed: \u001b[35msource/lib/font-awesome/HELP-US-OUT.txt\u001b[39m","time":"2016-12-16T10:57:14.069Z","v":0}
{"name":"hexo","hostname":"coding.ide","pid":27640,"level":20,"msg":"Processed: \u001b[35msource/lib/font-awesome/bower.json\u001b[39m","time":"2016-12-16T10:57:14.080Z","v":0}
{"name":"hexo","hostname":"coding.ide","pid":27640,"level":20,"msg":"Processed: \u001b[35msource/lib/jquery_lazyload/CONTRIBUTING.md\u001b[39m","time":"2016-12-16T10:57:14.081Z","v":0}
{"name":"hexo","hostname":"coding.ide","pid":27640,"level":20,"msg":"Processed: \u001b[35msource/lib/jquery_lazyload/README.md\u001b[39m","time":"2016-12-16T10:57:14.082Z","v":0}
{"name":"hexo","hostname":"coding.ide","pid":27640,"level":20,"msg":"Processed: \u001b[35msource/lib/jquery_lazyload/bower.json\u001b[39m","time":"2016-12-16T10:57:14.083Z","v":0}
{"name":"hexo","hostname":"coding.ide","pid":27640,"level":20,"msg":"Processed: \u001b[35msource/lib/jquery_lazyload/jquery.lazyload.js\u001b[39m","time":"2016-12-16T10:57:14.086Z","v":0}
{"name":"hexo","hostname":"coding.ide","pid":27640,"level":20,"msg":"Processed: \u001b[35msource/lib/jquery_lazyload/jquery.scrollstop.js\u001b[39m","time":"2016-12-16T10:57:14.088Z","v":0}
{"name":"hexo","hostname":"coding.ide","pid":27640,"level":20,"msg":"Processed: \u001b[35msource/lib/velocity/bower.json\u001b[39m","time":"2016-12-16T10:57:14.102Z","v":0}
{"name":"hexo","hostname":"coding.ide","pid":27640,"level":20,"msg":"Processed: \u001b[35msource/lib/velocity/velocity.min.js\u001b[39m","time":"2016-12-16T10:57:14.105Z","v":0}
{"name":"hexo","hostname":"coding.ide","pid":27640,"level":20,"msg":"Processed: \u001b[35msource/lib/velocity/velocity.ui.js\u001b[39m","time":"2016-12-16T10:57:14.106Z","v":0}
{"name":"hexo","hostname":"coding.ide","pid":27640,"level":20,"msg":"Processed: \u001b[35msource/lib/velocity/velocity.ui.min.js\u001b[39m","time":"2016-12-16T10:57:14.107Z","v":0}
{"name":"hexo","hostname":"coding.ide","pid":27640,"level":20,"msg":"Processed: \u001b[35msource/lib/algolia-instant-search/instantsearch.min.css\u001b[39m","time":"2016-12-16T10:57:14.109Z","v":0}
{"name":"hexo","hostname":"coding.ide","pid":27640,"level":20,"msg":"Processed: \u001b[35msource/js/src/utils.js\u001b[39m","time":"2016-12-16T10:57:14.109Z","v":0}
{"name":"hexo","hostname":"coding.ide","pid":27640,"level":20,"msg":"Processed: \u001b[35msource/lib/jquery/index.js\u001b[39m","time":"2016-12-16T10:57:14.148Z","v":0}
{"name":"hexo","hostname":"coding.ide","pid":27640,"level":20,"msg":"Processed: \u001b[35mlayout/_custom/header.swig\u001b[39m","time":"2016-12-16T10:57:14.283Z","v":0}
{"name":"hexo","hostname":"coding.ide","pid":27640,"level":20,"msg":"Processed: \u001b[35mlayout/_custom/sidebar.swig\u001b[39m","time":"2016-12-16T10:57:14.284Z","v":0}
{"name":"hexo","hostname":"coding.ide","pid":27640,"level":20,"msg":"Processed: \u001b[35mlayout/_macro/post-collapse.swig\u001b[39m","time":"2016-12-16T10:57:14.285Z","v":0}
{"name":"hexo","hostname":"coding.ide","pid":27640,"level":20,"msg":"Processed: \u001b[35mlayout/_macro/wechat-subscriber.swig\u001b[39m","time":"2016-12-16T10:57:14.286Z","v":0}
{"name":"hexo","hostname":"coding.ide","pid":27640,"level":20,"msg":"Processed: \u001b[35mlayout/_partials/comments.swig\u001b[39m","time":"2016-12-16T10:57:14.286Z","v":0}
{"name":"hexo","hostname":"coding.ide","pid":27640,"level":20,"msg":"Processed: \u001b[35mlayout/_partials/duoshuo-hot-articles.swig\u001b[39m","time":"2016-12-16T10:57:14.287Z","v":0}
{"name":"hexo","hostname":"coding.ide","pid":27640,"level":20,"msg":"Processed: \u001b[35mlayout/_partials/footer.swig\u001b[39m","time":"2016-12-16T10:57:14.288Z","v":0}
{"name":"hexo","hostname":"coding.ide","pid":27640,"level":20,"msg":"Processed: \u001b[35mlayout/_partials/head.swig\u001b[39m","time":"2016-12-16T10:57:14.289Z","v":0}
{"name":"hexo","hostname":"coding.ide","pid":27640,"level":20,"msg":"Processed: \u001b[35mlayout/_partials/header.swig\u001b[39m","time":"2016-12-16T10:57:14.290Z","v":0}
{"name":"hexo","hostname":"coding.ide","pid":27640,"level":20,"msg":"Processed: \u001b[35mlayout/_partials/page-header.swig\u001b[39m","time":"2016-12-16T10:57:14.291Z","v":0}
{"name":"hexo","hostname":"coding.ide","pid":27640,"level":20,"msg":"Processed: \u001b[35mlayout/_partials/pagination.swig\u001b[39m","time":"2016-12-16T10:57:14.295Z","v":0}
{"name":"hexo","hostname":"coding.ide","pid":27640,"level":20,"msg":"Processed: \u001b[35mlayout/_partials/search.swig\u001b[39m","time":"2016-12-16T10:57:14.295Z","v":0}
{"name":"hexo","hostname":"coding.ide","pid":27640,"level":20,"msg":"Processed: \u001b[35mlayout/_scripts/baidu-push.swig\u001b[39m","time":"2016-12-16T10:57:14.296Z","v":0}
{"name":"hexo","hostname":"coding.ide","pid":27640,"level":20,"msg":"Processed: \u001b[35mlayout/_scripts/boostrap.swig\u001b[39m","time":"2016-12-16T10:57:14.296Z","v":0}
{"name":"hexo","hostname":"coding.ide","pid":27640,"level":20,"msg":"Processed: \u001b[35mlayout/_scripts/commons.swig\u001b[39m","time":"2016-12-16T10:57:14.297Z","v":0}
{"name":"hexo","hostname":"coding.ide","pid":27640,"level":20,"msg":"Processed: \u001b[35mlayout/_scripts/vendors.swig\u001b[39m","time":"2016-12-16T10:57:14.298Z","v":0}
{"name":"hexo","hostname":"coding.ide","pid":27640,"level":20,"msg":"Processed: \u001b[35mlayout/_macro/sidebar.swig\u001b[39m","time":"2016-12-16T10:57:14.298Z","v":0}
{"name":"hexo","hostname":"coding.ide","pid":27640,"level":20,"msg":"Processed: \u001b[35mlayout/_macro/reward.swig\u001b[39m","time":"2016-12-16T10:57:14.298Z","v":0}
{"name":"hexo","hostname":"coding.ide","pid":27640,"level":20,"msg":"Processed: \u001b[35mlayout/_macro/post.swig\u001b[39m","time":"2016-12-16T10:57:14.299Z","v":0}
{"name":"hexo","hostname":"coding.ide","pid":27640,"level":20,"msg":"Processed: \u001b[35msource/js/src/schemes/pisces.js\u001b[39m","time":"2016-12-16T10:57:14.323Z","v":0}
{"name":"hexo","hostname":"coding.ide","pid":27640,"level":20,"msg":"Processed: \u001b[35msource/lib/fancybox/source/blank.gif\u001b[39m","time":"2016-12-16T10:57:14.325Z","v":0}
{"name":"hexo","hostname":"coding.ide","pid":27640,"level":20,"msg":"Processed: \u001b[35msource/lib/fancybox/source/fancybox_loading.gif\u001b[39m","time":"2016-12-16T10:57:14.325Z","v":0}
{"name":"hexo","hostname":"coding.ide","pid":27640,"level":20,"msg":"Processed: \u001b[35msource/lib/fancybox/source/fancybox_loading@2x.gif\u001b[39m","time":"2016-12-16T10:57:14.326Z","v":0}
{"name":"hexo","hostname":"coding.ide","pid":27640,"level":20,"msg":"Processed: \u001b[35msource/lib/fancybox/source/fancybox_overlay.png\u001b[39m","time":"2016-12-16T10:57:14.326Z","v":0}
{"name":"hexo","hostname":"coding.ide","pid":27640,"level":20,"msg":"Processed: \u001b[35msource/lib/fancybox/source/fancybox_sprite.png\u001b[39m","time":"2016-12-16T10:57:14.327Z","v":0}
{"name":"hexo","hostname":"coding.ide","pid":27640,"level":20,"msg":"Processed: \u001b[35msource/lib/fancybox/source/fancybox_sprite@2x.png\u001b[39m","time":"2016-12-16T10:57:14.327Z","v":0}
{"name":"hexo","hostname":"coding.ide","pid":27640,"level":20,"msg":"Processed: \u001b[35msource/lib/fancybox/source/jquery.fancybox.css\u001b[39m","time":"2016-12-16T10:57:14.327Z","v":0}
{"name":"hexo","hostname":"coding.ide","pid":27640,"level":20,"msg":"Processed: \u001b[35msource/lib/fancybox/source/jquery.fancybox.js\u001b[39m","time":"2016-12-16T10:57:14.328Z","v":0}
{"name":"hexo","hostname":"coding.ide","pid":27640,"level":20,"msg":"Processed: \u001b[35msource/lib/fancybox/source/jquery.fancybox.pack.js\u001b[39m","time":"2016-12-16T10:57:14.328Z","v":0}
{"name":"hexo","hostname":"coding.ide","pid":27640,"level":20,"msg":"Processed: \u001b[35msource/lib/fastclick/lib/fastclick.js\u001b[39m","time":"2016-12-16T10:57:14.329Z","v":0}
{"name":"hexo","hostname":"coding.ide","pid":27640,"level":20,"msg":"Processed: \u001b[35msource/lib/fastclick/lib/fastclick.min.js\u001b[39m","time":"2016-12-16T10:57:14.329Z","v":0}
{"name":"hexo","hostname":"coding.ide","pid":27640,"level":20,"msg":"Processed: \u001b[35msource/lib/font-awesome/css/font-awesome.css\u001b[39m","time":"2016-12-16T10:57:14.330Z","v":0}
{"name":"hexo","hostname":"coding.ide","pid":27640,"level":20,"msg":"Processed: \u001b[35msource/lib/font-awesome/css/font-awesome.css.map\u001b[39m","time":"2016-12-16T10:57:14.332Z","v":0}
{"name":"hexo","hostname":"coding.ide","pid":27640,"level":20,"msg":"Processed: \u001b[35msource/lib/font-awesome/css/font-awesome.min.css\u001b[39m","time":"2016-12-16T10:57:14.336Z","v":0}
{"name":"hexo","hostname":"coding.ide","pid":27640,"level":20,"msg":"Processed: \u001b[35msource/lib/ua-parser-js/dist/ua-parser.min.js\u001b[39m","time":"2016-12-16T10:57:14.337Z","v":0}
{"name":"hexo","hostname":"coding.ide","pid":27640,"level":20,"msg":"Processed: \u001b[35msource/lib/ua-parser-js/dist/ua-parser.pack.js\u001b[39m","time":"2016-12-16T10:57:14.338Z","v":0}
{"name":"hexo","hostname":"coding.ide","pid":27640,"level":20,"msg":"Processed: \u001b[35mlayout/_scripts/schemes/mist.swig\u001b[39m","time":"2016-12-16T10:57:14.354Z","v":0}
{"name":"hexo","hostname":"coding.ide","pid":27640,"level":20,"msg":"Processed: \u001b[35mlayout/_scripts/schemes/muse.swig\u001b[39m","time":"2016-12-16T10:57:14.356Z","v":0}
{"name":"hexo","hostname":"coding.ide","pid":27640,"level":20,"msg":"Processed: \u001b[35msource/lib/font-awesome/fonts/FontAwesome.otf\u001b[39m","time":"2016-12-16T10:57:14.359Z","v":0}
{"name":"hexo","hostname":"coding.ide","pid":27640,"level":20,"msg":"Processed: \u001b[35msource/lib/font-awesome/fonts/fontawesome-webfont.eot\u001b[39m","time":"2016-12-16T10:57:14.360Z","v":0}
{"name":"hexo","hostname":"coding.ide","pid":27640,"level":20,"msg":"Processed: \u001b[35msource/lib/font-awesome/fonts/fontawesome-webfont.woff\u001b[39m","time":"2016-12-16T10:57:14.362Z","v":0}
{"name":"hexo","hostname":"coding.ide","pid":27640,"level":20,"msg":"Processed: \u001b[35msource/lib/font-awesome/fonts/fontawesome-webfont.woff2\u001b[39m","time":"2016-12-16T10:57:14.366Z","v":0}
{"name":"hexo","hostname":"coding.ide","pid":27640,"level":20,"msg":"Processed: \u001b[35msource/lib/velocity/velocity.js\u001b[39m","time":"2016-12-16T10:57:14.369Z","v":0}
{"name":"hexo","hostname":"coding.ide","pid":27640,"level":20,"msg":"Processed: \u001b[35mlayout/_components/algolia-search/assets.swig\u001b[39m","time":"2016-12-16T10:57:14.468Z","v":0}
{"name":"hexo","hostname":"coding.ide","pid":27640,"level":20,"msg":"Processed: \u001b[35mlayout/_components/algolia-search/dom.swig\u001b[39m","time":"2016-12-16T10:57:14.471Z","v":0}
{"name":"hexo","hostname":"coding.ide","pid":27640,"level":20,"msg":"Processed: \u001b[35mlayout/_partials/head/custom-head.swig\u001b[39m","time":"2016-12-16T10:57:14.471Z","v":0}
{"name":"hexo","hostname":"coding.ide","pid":27640,"level":20,"msg":"Processed: \u001b[35mlayout/_partials/head/external-fonts.swig\u001b[39m","time":"2016-12-16T10:57:14.472Z","v":0}
{"name":"hexo","hostname":"coding.ide","pid":27640,"level":20,"msg":"Processed: \u001b[35mlayout/_partials/search/localsearch.swig\u001b[39m","time":"2016-12-16T10:57:14.482Z","v":0}
{"name":"hexo","hostname":"coding.ide","pid":27640,"level":20,"msg":"Processed: \u001b[35mlayout/_partials/search/swiftype.swig\u001b[39m","time":"2016-12-16T10:57:14.488Z","v":0}
{"name":"hexo","hostname":"coding.ide","pid":27640,"level":20,"msg":"Processed: \u001b[35mlayout/_partials/search/tinysou.swig\u001b[39m","time":"2016-12-16T10:57:14.488Z","v":0}
{"name":"hexo","hostname":"coding.ide","pid":27640,"level":20,"msg":"Processed: \u001b[35mlayout/_partials/share/add-this.swig\u001b[39m","time":"2016-12-16T10:57:14.489Z","v":0}
{"name":"hexo","hostname":"coding.ide","pid":27640,"level":20,"msg":"Processed: \u001b[35mlayout/_partials/share/baidushare.swig\u001b[39m","time":"2016-12-16T10:57:14.489Z","v":0}
{"name":"hexo","hostname":"coding.ide","pid":27640,"level":20,"msg":"Processed: \u001b[35mlayout/_partials/share/duoshuo_share.swig\u001b[39m","time":"2016-12-16T10:57:14.489Z","v":0}
{"name":"hexo","hostname":"coding.ide","pid":27640,"level":20,"msg":"Processed: \u001b[35mlayout/_partials/share/jiathis.swig\u001b[39m","time":"2016-12-16T10:57:14.490Z","v":0}
{"name":"hexo","hostname":"coding.ide","pid":27640,"level":20,"msg":"Processed: \u001b[35mlayout/_scripts/pages/post-details.swig\u001b[39m","time":"2016-12-16T10:57:14.490Z","v":0}
{"name":"hexo","hostname":"coding.ide","pid":27640,"level":20,"msg":"Processed: \u001b[35mlayout/_scripts/schemes/pisces.swig\u001b[39m","time":"2016-12-16T10:57:14.490Z","v":0}
{"name":"hexo","hostname":"coding.ide","pid":27640,"level":20,"msg":"Processed: \u001b[35mlayout/_scripts/third-party/analytics.swig\u001b[39m","time":"2016-12-16T10:57:14.491Z","v":0}
{"name":"hexo","hostname":"coding.ide","pid":27640,"level":20,"msg":"Processed: \u001b[35mlayout/_scripts/third-party/comments.swig\u001b[39m","time":"2016-12-16T10:57:14.493Z","v":0}
{"name":"hexo","hostname":"coding.ide","pid":27640,"level":20,"msg":"Processed: \u001b[35mlayout/_scripts/third-party/lean-analytics.swig\u001b[39m","time":"2016-12-16T10:57:14.494Z","v":0}
{"name":"hexo","hostname":"coding.ide","pid":27640,"level":20,"msg":"Processed: \u001b[35mlayout/_scripts/third-party/localsearch.swig\u001b[39m","time":"2016-12-16T10:57:14.494Z","v":0}
{"name":"hexo","hostname":"coding.ide","pid":27640,"level":20,"msg":"Processed: \u001b[35mlayout/_scripts/third-party/mathjax.swig\u001b[39m","time":"2016-12-16T10:57:14.495Z","v":0}
{"name":"hexo","hostname":"coding.ide","pid":27640,"level":20,"msg":"Processed: \u001b[35mlayout/_scripts/third-party/schedule.swig\u001b[39m","time":"2016-12-16T10:57:14.495Z","v":0}
{"name":"hexo","hostname":"coding.ide","pid":27640,"level":20,"msg":"Processed: \u001b[35mlayout/_scripts/third-party/tinysou.swig\u001b[39m","time":"2016-12-16T10:57:14.496Z","v":0}
{"name":"hexo","hostname":"coding.ide","pid":27640,"level":20,"msg":"Processed: \u001b[35msource/lib/fancybox/source/helpers/fancybox_buttons.png\u001b[39m","time":"2016-12-16T10:57:14.512Z","v":0}
{"name":"hexo","hostname":"coding.ide","pid":27640,"level":20,"msg":"Processed: \u001b[35msource/lib/fancybox/source/helpers/jquery.fancybox-buttons.css\u001b[39m","time":"2016-12-16T10:57:14.517Z","v":0}
{"name":"hexo","hostname":"coding.ide","pid":27640,"level":20,"msg":"Processed: \u001b[35msource/lib/fancybox/source/helpers/jquery.fancybox-buttons.js\u001b[39m","time":"2016-12-16T10:57:14.521Z","v":0}
{"name":"hexo","hostname":"coding.ide","pid":27640,"level":20,"msg":"Processed: \u001b[35msource/lib/fancybox/source/helpers/jquery.fancybox-media.js\u001b[39m","time":"2016-12-16T10:57:14.526Z","v":0}
{"name":"hexo","hostname":"coding.ide","pid":27640,"level":20,"msg":"Processed: \u001b[35msource/lib/fancybox/source/helpers/jquery.fancybox-thumbs.css\u001b[39m","time":"2016-12-16T10:57:14.527Z","v":0}
{"name":"hexo","hostname":"coding.ide","pid":27640,"level":20,"msg":"Processed: \u001b[35msource/lib/fancybox/source/helpers/jquery.fancybox-thumbs.js\u001b[39m","time":"2016-12-16T10:57:14.527Z","v":0}
{"name":"hexo","hostname":"coding.ide","pid":27640,"level":20,"msg":"Processed: \u001b[35msource/lib/font-awesome/fonts/fontawesome-webfont.ttf\u001b[39m","time":"2016-12-16T10:57:14.527Z","v":0}
{"name":"hexo","hostname":"coding.ide","pid":27640,"level":20,"msg":"Processed: \u001b[35mlayout/_scripts/third-party/analytics/application-insights.swig\u001b[39m","time":"2016-12-16T10:57:14.554Z","v":0}
{"name":"hexo","hostname":"coding.ide","pid":27640,"level":20,"msg":"Processed: \u001b[35mlayout/_scripts/third-party/analytics/baidu-analytics.swig\u001b[39m","time":"2016-12-16T10:57:14.556Z","v":0}
{"name":"hexo","hostname":"coding.ide","pid":27640,"level":20,"msg":"Processed: \u001b[35mlayout/_scripts/third-party/analytics/busuanzi-counter.swig\u001b[39m","time":"2016-12-16T10:57:14.557Z","v":0}
{"name":"hexo","hostname":"coding.ide","pid":27640,"level":20,"msg":"Processed: \u001b[35mlayout/_scripts/third-party/analytics/cnzz-analytics.swig\u001b[39m","time":"2016-12-16T10:57:14.559Z","v":0}
{"name":"hexo","hostname":"coding.ide","pid":27640,"level":20,"msg":"Processed: \u001b[35mlayout/_scripts/third-party/analytics/facebook-sdk.swig\u001b[39m","time":"2016-12-16T10:57:14.560Z","v":0}
{"name":"hexo","hostname":"coding.ide","pid":27640,"level":20,"msg":"Processed: \u001b[35mlayout/_scripts/third-party/analytics/google-analytics.swig\u001b[39m","time":"2016-12-16T10:57:14.561Z","v":0}
{"name":"hexo","hostname":"coding.ide","pid":27640,"level":20,"msg":"Processed: \u001b[35mlayout/_scripts/third-party/analytics/tencent-analytics.swig\u001b[39m","time":"2016-12-16T10:57:14.563Z","v":0}
{"name":"hexo","hostname":"coding.ide","pid":27640,"level":20,"msg":"Processed: \u001b[35mlayout/_scripts/third-party/comments/disqus.swig\u001b[39m","time":"2016-12-16T10:57:14.564Z","v":0}
{"name":"hexo","hostname":"coding.ide","pid":27640,"level":20,"msg":"Processed: \u001b[35mlayout/_scripts/third-party/comments/duoshuo.swig\u001b[39m","time":"2016-12-16T10:57:14.566Z","v":0}
{"name":"hexo","hostname":"coding.ide","pid":27640,"level":20,"msg":"Processed: \u001b[35mlayout/_scripts/third-party/comments/hypercomments.swig\u001b[39m","time":"2016-12-16T10:57:14.568Z","v":0}
{"name":"hexo","hostname":"coding.ide","pid":27640,"level":20,"msg":"Processed: \u001b[35msource/lib/algolia-instant-search/instantsearch.min.js\u001b[39m","time":"2016-12-16T10:57:14.570Z","v":0}
{"name":"hexo","hostname":"coding.ide","pid":27640,"level":20,"msg":"Processed: \u001b[35msource/lib/font-awesome/fonts/fontawesome-webfont.svg\u001b[39m","time":"2016-12-16T10:57:14.580Z","v":0}
{"name":"hexo","hostname":"coding.ide","pid":27640,"level":20,"msg":"Generator: \u001b[35mpage\u001b[39m","time":"2016-12-16T10:57:15.240Z","v":0}
{"name":"hexo","hostname":"coding.ide","pid":27640,"level":20,"msg":"Generator: \u001b[35mpost\u001b[39m","time":"2016-12-16T10:57:15.243Z","v":0}
{"name":"hexo","hostname":"coding.ide","pid":27640,"level":20,"msg":"Generator: \u001b[35marchive\u001b[39m","time":"2016-12-16T10:57:15.245Z","v":0}
{"name":"hexo","hostname":"coding.ide","pid":27640,"level":20,"msg":"Generator: \u001b[35mcategory\u001b[39m","time":"2016-12-16T10:57:15.245Z","v":0}
{"name":"hexo","hostname":"coding.ide","pid":27640,"level":20,"msg":"Generator: \u001b[35mindex\u001b[39m","time":"2016-12-16T10:57:15.246Z","v":0}
{"name":"hexo","hostname":"coding.ide","pid":27640,"level":20,"msg":"Generator: \u001b[35mtag\u001b[39m","time":"2016-12-16T10:57:15.246Z","v":0}
{"name":"hexo","hostname":"coding.ide","pid":27640,"level":20,"msg":"Generator: \u001b[35masset\u001b[39m","time":"2016-12-16T10:57:15.250Z","v":0}
{"name":"hexo","hostname":"coding.ide","pid":27640,"level":30,"msg":"Hexo is running at \u001b[4mhttp://localhost:4000/\u001b[24m. Press Ctrl+C to stop.","time":"2016-12-16T10:57:15.277Z","v":0}
{"name":"hexo","hostname":"coding.ide","pid":27640,"level":20,"msg":"Database saved","time":"2016-12-16T10:57:15.313Z","v":0}
{"name":"hexo","hostname":"coding.ide","pid":27640,"level":20,"msg":"Rendering index: \u001b[35mindex.html\u001b[39m","time":"2016-12-16T10:57:20.027Z","v":0}
{"name":"hexo","hostname":"coding.ide","pid":27640,"level":20,"msg":"Theme config loaded.","time":"2016-12-16T10:59:39.109Z","v":0}
{"name":"hexo","hostname":"coding.ide","pid":27640,"level":20,"msg":"Processed: \u001b[35m_config.yml\u001b[39m","time":"2016-12-16T10:59:39.113Z","v":0}
{"name":"hexo","hostname":"coding.ide","pid":27640,"level":20,"msg":"Generator: \u001b[35mpage\u001b[39m","time":"2016-12-16T10:59:39.266Z","v":0}
{"name":"hexo","hostname":"coding.ide","pid":27640,"level":20,"msg":"Generator: \u001b[35mpost\u001b[39m","time":"2016-12-16T10:59:39.267Z","v":0}
{"name":"hexo","hostname":"coding.ide","pid":27640,"level":20,"msg":"Generator: \u001b[35marchive\u001b[39m","time":"2016-12-16T10:59:39.267Z","v":0}
{"name":"hexo","hostname":"coding.ide","pid":27640,"level":20,"msg":"Generator: \u001b[35mcategory\u001b[39m","time":"2016-12-16T10:59:39.268Z","v":0}
{"name":"hexo","hostname":"coding.ide","pid":27640,"level":20,"msg":"Generator: \u001b[35mindex\u001b[39m","time":"2016-12-16T10:59:39.268Z","v":0}
{"name":"hexo","hostname":"coding.ide","pid":27640,"level":20,"msg":"Generator: \u001b[35mtag\u001b[39m","time":"2016-12-16T10:59:39.269Z","v":0}
{"name":"hexo","hostname":"coding.ide","pid":27640,"level":20,"msg":"Generator: \u001b[35masset\u001b[39m","time":"2016-12-16T10:59:39.280Z","v":0}
{"name":"hexo","hostname":"coding.ide","pid":27640,"level":20,"msg":"Theme config loaded.","time":"2016-12-16T10:59:46.453Z","v":0}
{"name":"hexo","hostname":"coding.ide","pid":27640,"level":20,"msg":"Processed: \u001b[35m_config.yml\u001b[39m","time":"2016-12-16T10:59:46.454Z","v":0}
{"name":"hexo","hostname":"coding.ide","pid":27640,"level":20,"msg":"Generator: \u001b[35mpage\u001b[39m","time":"2016-12-16T10:59:46.580Z","v":0}
{"name":"hexo","hostname":"coding.ide","pid":27640,"level":20,"msg":"Generator: \u001b[35mpost\u001b[39m","time":"2016-12-16T10:59:46.581Z","v":0}
{"name":"hexo","hostname":"coding.ide","pid":27640,"level":20,"msg":"Generator: \u001b[35marchive\u001b[39m","time":"2016-12-16T10:59:46.581Z","v":0}
{"name":"hexo","hostname":"coding.ide","pid":27640,"level":20,"msg":"Generator: \u001b[35mcategory\u001b[39m","time":"2016-12-16T10:59:46.581Z","v":0}
{"name":"hexo","hostname":"coding.ide","pid":27640,"level":20,"msg":"Generator: \u001b[35mindex\u001b[39m","time":"2016-12-16T10:59:46.585Z","v":0}
{"name":"hexo","hostname":"coding.ide","pid":27640,"level":20,"msg":"Generator: \u001b[35mtag\u001b[39m","time":"2016-12-16T10:59:46.585Z","v":0}
{"name":"hexo","hostname":"coding.ide","pid":27640,"level":20,"msg":"Generator: \u001b[35masset\u001b[39m","time":"2016-12-16T10:59:46.596Z","v":0}
{"name":"hexo","hostname":"coding.ide","pid":27640,"level":20,"msg":"Theme config loaded.","time":"2016-12-16T10:59:53.408Z","v":0}
{"name":"hexo","hostname":"coding.ide","pid":27640,"level":20,"msg":"Processed: \u001b[35m_config.yml\u001b[39m","time":"2016-12-16T10:59:53.409Z","v":0}
{"name":"hexo","hostname":"coding.ide","pid":27640,"level":20,"msg":"Generator: \u001b[35mpage\u001b[39m","time":"2016-12-16T10:59:53.537Z","v":0}
{"name":"hexo","hostname":"coding.ide","pid":27640,"level":20,"msg":"Generator: \u001b[35mpost\u001b[39m","time":"2016-12-16T10:59:53.538Z","v":0}
{"name":"hexo","hostname":"coding.ide","pid":27640,"level":20,"msg":"Generator: \u001b[35marchive\u001b[39m","time":"2016-12-16T10:59:53.539Z","v":0}
{"name":"hexo","hostname":"coding.ide","pid":27640,"level":20,"msg":"Generator: \u001b[35mcategory\u001b[39m","time":"2016-12-16T10:59:53.541Z","v":0}
{"name":"hexo","hostname":"coding.ide","pid":27640,"level":20,"msg":"Generator: \u001b[35mindex\u001b[39m","time":"2016-12-16T10:59:53.541Z","v":0}
{"name":"hexo","hostname":"coding.ide","pid":27640,"level":20,"msg":"Generator: \u001b[35mtag\u001b[39m","time":"2016-12-16T10:59:53.544Z","v":0}
{"name":"hexo","hostname":"coding.ide","pid":27640,"level":20,"msg":"Generator: \u001b[35masset\u001b[39m","time":"2016-12-16T10:59:53.549Z","v":0}
{"name":"hexo","hostname":"coding.ide","pid":27640,"level":20,"msg":"Theme config loaded.","time":"2016-12-16T10:59:54.437Z","v":0}
{"name":"hexo","hostname":"coding.ide","pid":27640,"level":20,"msg":"Processed: \u001b[35m_config.yml\u001b[39m","time":"2016-12-16T10:59:54.441Z","v":0}
{"name":"hexo","hostname":"coding.ide","pid":27640,"level":20,"msg":"Generator: \u001b[35mpage\u001b[39m","time":"2016-12-16T10:59:54.565Z","v":0}
{"name":"hexo","hostname":"coding.ide","pid":27640,"level":20,"msg":"Generator: \u001b[35mpost\u001b[39m","time":"2016-12-16T10:59:54.573Z","v":0}
{"name":"hexo","hostname":"coding.ide","pid":27640,"level":20,"msg":"Generator: \u001b[35marchive\u001b[39m","time":"2016-12-16T10:59:54.592Z","v":0}
{"name":"hexo","hostname":"coding.ide","pid":27640,"level":20,"msg":"Generator: \u001b[35mcategory\u001b[39m","time":"2016-12-16T10:59:54.592Z","v":0}
{"name":"hexo","hostname":"coding.ide","pid":27640,"level":20,"msg":"Generator: \u001b[35mindex\u001b[39m","time":"2016-12-16T10:59:54.593Z","v":0}
{"name":"hexo","hostname":"coding.ide","pid":27640,"level":20,"msg":"Generator: \u001b[35mtag\u001b[39m","time":"2016-12-16T10:59:54.593Z","v":0}
{"name":"hexo","hostname":"coding.ide","pid":27640,"level":20,"msg":"Generator: \u001b[35masset\u001b[39m","time":"2016-12-16T10:59:54.603Z","v":0}
{"name":"hexo","hostname":"coding.ide","pid":27640,"level":30,"msg":"Good bye","time":"2016-12-16T11:00:02.150Z","v":0}
{"name":"hexo","hostname":"coding.ide","pid":27640,"level":20,"msg":"Database saved","time":"2016-12-16T11:00:02.209Z","v":0}
{"name":"hexo","hostname":"coding.ide","pid":27884,"level":20,"msg":"Hexo version: \u001b[35m3.2.2\u001b[39m","time":"2016-12-16T11:00:04.471Z","v":0}
{"name":"hexo","hostname":"coding.ide","pid":27884,"level":20,"msg":"Working directory: \u001b[35m~/workspace/\u001b[39m","time":"2016-12-16T11:00:04.481Z","v":0}
{"name":"hexo","hostname":"coding.ide","pid":27884,"level":20,"msg":"Config loaded: \u001b[35m~/workspace/_config.yml\u001b[39m","time":"2016-12-16T11:00:04.633Z","v":0}
{"name":"hexo","hostname":"coding.ide","pid":27884,"level":20,"msg":"Script loaded: \u001b[35mthemes/next/scripts/merge-configs.js\u001b[39m","time":"2016-12-16T11:00:04.653Z","v":0}
{"name":"hexo","hostname":"coding.ide","pid":27884,"level":20,"msg":"Script loaded: \u001b[35mthemes/next/scripts/tags/center-quote.js\u001b[39m","time":"2016-12-16T11:00:04.665Z","v":0}
{"name":"hexo","hostname":"coding.ide","pid":27884,"level":20,"msg":"Script loaded: \u001b[35mthemes/next/scripts/tags/full-image.js\u001b[39m","time":"2016-12-16T11:00:04.666Z","v":0}
{"name":"hexo","hostname":"coding.ide","pid":27884,"level":20,"msg":"Script loaded: \u001b[35mthemes/next/scripts/tags/group-pictures.js\u001b[39m","time":"2016-12-16T11:00:04.667Z","v":0}
{"name":"hexo","hostname":"coding.ide","pid":27884,"level":20,"msg":"Script loaded: \u001b[35mthemes/next/scripts/tags/note.js\u001b[39m","time":"2016-12-16T11:00:04.670Z","v":0}
{"name":"hexo","hostname":"coding.ide","pid":27884,"level":20,"msg":"Plugin loaded: \u001b[35mhexo-deployer-git\u001b[39m","time":"2016-12-16T11:00:04.991Z","v":0}
{"name":"hexo","hostname":"coding.ide","pid":27884,"level":20,"msg":"Plugin loaded: \u001b[35mhexo-generator-archive\u001b[39m","time":"2016-12-16T11:00:04.998Z","v":0}
{"name":"hexo","hostname":"coding.ide","pid":27884,"level":20,"msg":"Plugin loaded: \u001b[35mhexo-generator-category\u001b[39m","time":"2016-12-16T11:00:05.002Z","v":0}
{"name":"hexo","hostname":"coding.ide","pid":27884,"level":20,"msg":"Plugin loaded: \u001b[35mhexo-generator-index\u001b[39m","time":"2016-12-16T11:00:05.008Z","v":0}
{"name":"hexo","hostname":"coding.ide","pid":27884,"level":20,"msg":"Plugin loaded: \u001b[35mhexo-generator-tag\u001b[39m","time":"2016-12-16T11:00:05.013Z","v":0}
{"name":"hexo","hostname":"coding.ide","pid":27884,"level":20,"msg":"Plugin loaded: \u001b[35mhexo-renderer-ejs\u001b[39m","time":"2016-12-16T11:00:05.019Z","v":0}
{"name":"hexo","hostname":"coding.ide","pid":27884,"level":20,"msg":"Plugin loaded: \u001b[35mhexo-renderer-marked\u001b[39m","time":"2016-12-16T11:00:05.123Z","v":0}
{"name":"hexo","hostname":"coding.ide","pid":27884,"level":20,"msg":"Plugin loaded: \u001b[35mhexo-renderer-stylus\u001b[39m","time":"2016-12-16T11:00:05.126Z","v":0}
{"name":"hexo","hostname":"coding.ide","pid":27884,"level":20,"msg":"Plugin loaded: \u001b[35mhexo-server\u001b[39m","time":"2016-12-16T11:00:05.290Z","v":0}
{"name":"hexo","hostname":"coding.ide","pid":27884,"level":20,"msg":"Loading database.","time":"2016-12-16T11:00:05.306Z","v":0}
{"name":"hexo","hostname":"coding.ide","pid":27884,"level":30,"msg":"Start processing","time":"2016-12-16T11:00:05.400Z","v":0}
{"name":"hexo","hostname":"coding.ide","pid":27884,"level":20,"msg":"Processed: \u001b[35m_posts/hello-world.md\u001b[39m","time":"2016-12-16T11:00:05.627Z","v":0}
{"name":"hexo","hostname":"coding.ide","pid":27884,"level":20,"msg":"Processed: \u001b[35mcategories/index.md\u001b[39m","time":"2016-12-16T11:00:05.629Z","v":0}
{"name":"hexo","hostname":"coding.ide","pid":27884,"level":20,"msg":"Processed: \u001b[35mtags/index.md\u001b[39m","time":"2016-12-16T11:00:05.632Z","v":0}
{"name":"hexo","hostname":"coding.ide","pid":27884,"level":20,"msg":"Theme config loaded.","time":"2016-12-16T11:00:05.822Z","v":0}
{"name":"hexo","hostname":"coding.ide","pid":27884,"level":20,"msg":"Processed: \u001b[35m_config.yml\u001b[39m","time":"2016-12-16T11:00:05.830Z","v":0}
{"name":"hexo","hostname":"coding.ide","pid":27884,"level":20,"msg":"Processed: \u001b[35msource/css/main.styl\u001b[39m","time":"2016-12-16T11:00:05.832Z","v":0}
{"name":"hexo","hostname":"coding.ide","pid":27884,"level":20,"msg":"Processed: \u001b[35msource/images/algolia_logo.svg\u001b[39m","time":"2016-12-16T11:00:05.835Z","v":0}
{"name":"hexo","hostname":"coding.ide","pid":27884,"level":20,"msg":"Processed: \u001b[35msource/images/avatar.gif\u001b[39m","time":"2016-12-16T11:00:05.838Z","v":0}
{"name":"hexo","hostname":"coding.ide","pid":27884,"level":20,"msg":"Processed: \u001b[35msource/images/cc-by-nc-nd.svg\u001b[39m","time":"2016-12-16T11:00:05.839Z","v":0}
{"name":"hexo","hostname":"coding.ide","pid":27884,"level":20,"msg":"Processed: \u001b[35msource/images/cc-by-nc-sa.svg\u001b[39m","time":"2016-12-16T11:00:05.845Z","v":0}
{"name":"hexo","hostname":"coding.ide","pid":27884,"level":20,"msg":"Processed: \u001b[35msource/images/cc-by-nc.svg\u001b[39m","time":"2016-12-16T11:00:05.847Z","v":0}
{"name":"hexo","hostname":"coding.ide","pid":27884,"level":20,"msg":"Processed: \u001b[35msource/images/cc-by-nd.svg\u001b[39m","time":"2016-12-16T11:00:05.849Z","v":0}
{"name":"hexo","hostname":"coding.ide","pid":27884,"level":20,"msg":"Processed: \u001b[35msource/images/cc-by-sa.svg\u001b[39m","time":"2016-12-16T11:00:05.850Z","v":0}
{"name":"hexo","hostname":"coding.ide","pid":27884,"level":20,"msg":"Processed: \u001b[35msource/images/cc-by.svg\u001b[39m","time":"2016-12-16T11:00:05.852Z","v":0}
{"name":"hexo","hostname":"coding.ide","pid":27884,"level":20,"msg":"Processed: \u001b[35msource/images/cc-zero.svg\u001b[39m","time":"2016-12-16T11:00:05.855Z","v":0}
{"name":"hexo","hostname":"coding.ide","pid":27884,"level":20,"msg":"Processed: \u001b[35msource/images/loading.gif\u001b[39m","time":"2016-12-16T11:00:05.856Z","v":0}
{"name":"hexo","hostname":"coding.ide","pid":27884,"level":20,"msg":"Processed: \u001b[35msource/images/placeholder.gif\u001b[39m","time":"2016-12-16T11:00:05.857Z","v":0}
{"name":"hexo","hostname":"coding.ide","pid":27884,"level":20,"msg":"Processed: \u001b[35msource/images/quote-l.svg\u001b[39m","time":"2016-12-16T11:00:05.860Z","v":0}
{"name":"hexo","hostname":"coding.ide","pid":27884,"level":20,"msg":"Processed: \u001b[35msource/images/quote-r.svg\u001b[39m","time":"2016-12-16T11:00:05.861Z","v":0}
{"name":"hexo","hostname":"coding.ide","pid":27884,"level":20,"msg":"Processed: \u001b[35msource/images/searchicon.png\u001b[39m","time":"2016-12-16T11:00:05.863Z","v":0}
{"name":"hexo","hostname":"coding.ide","pid":27884,"level":20,"msg":"Processed: \u001b[35mlayout/_layout.swig\u001b[39m","time":"2016-12-16T11:00:06.236Z","v":0}
{"name":"hexo","hostname":"coding.ide","pid":27884,"level":20,"msg":"Processed: \u001b[35mlayout/archive.swig\u001b[39m","time":"2016-12-16T11:00:06.237Z","v":0}
{"name":"hexo","hostname":"coding.ide","pid":27884,"level":20,"msg":"Processed: \u001b[35mlayout/category.swig\u001b[39m","time":"2016-12-16T11:00:06.237Z","v":0}
{"name":"hexo","hostname":"coding.ide","pid":27884,"level":20,"msg":"Processed: \u001b[35mlayout/index.swig\u001b[39m","time":"2016-12-16T11:00:06.239Z","v":0}
{"name":"hexo","hostname":"coding.ide","pid":27884,"level":20,"msg":"Processed: \u001b[35mlayout/page.swig\u001b[39m","time":"2016-12-16T11:00:06.241Z","v":0}
{"name":"hexo","hostname":"coding.ide","pid":27884,"level":20,"msg":"Processed: \u001b[35mlayout/post.swig\u001b[39m","time":"2016-12-16T11:00:06.244Z","v":0}
{"name":"hexo","hostname":"coding.ide","pid":27884,"level":20,"msg":"Processed: \u001b[35mlayout/schedule.swig\u001b[39m","time":"2016-12-16T11:00:06.247Z","v":0}
{"name":"hexo","hostname":"coding.ide","pid":27884,"level":20,"msg":"Processed: \u001b[35mlayout/tag.swig\u001b[39m","time":"2016-12-16T11:00:06.248Z","v":0}
{"name":"hexo","hostname":"coding.ide","pid":27884,"level":20,"msg":"Processed: \u001b[35mlanguages/de.yml\u001b[39m","time":"2016-12-16T11:00:06.275Z","v":0}
{"name":"hexo","hostname":"coding.ide","pid":27884,"level":20,"msg":"Processed: \u001b[35mlanguages/default.yml\u001b[39m","time":"2016-12-16T11:00:06.277Z","v":0}
{"name":"hexo","hostname":"coding.ide","pid":27884,"level":20,"msg":"Processed: \u001b[35mlanguages/en.yml\u001b[39m","time":"2016-12-16T11:00:06.278Z","v":0}
{"name":"hexo","hostname":"coding.ide","pid":27884,"level":20,"msg":"Processed: \u001b[35mlanguages/fr-FR.yml\u001b[39m","time":"2016-12-16T11:00:06.280Z","v":0}
{"name":"hexo","hostname":"coding.ide","pid":27884,"level":20,"msg":"Processed: \u001b[35mlanguages/id.yml\u001b[39m","time":"2016-12-16T11:00:06.281Z","v":0}
{"name":"hexo","hostname":"coding.ide","pid":27884,"level":20,"msg":"Processed: \u001b[35mlanguages/ja.yml\u001b[39m","time":"2016-12-16T11:00:06.282Z","v":0}
{"name":"hexo","hostname":"coding.ide","pid":27884,"level":20,"msg":"Processed: \u001b[35mlanguages/ko.yml\u001b[39m","time":"2016-12-16T11:00:06.292Z","v":0}
{"name":"hexo","hostname":"coding.ide","pid":27884,"level":20,"msg":"Processed: \u001b[35mlanguages/pt-BR.yml\u001b[39m","time":"2016-12-16T11:00:06.293Z","v":0}
{"name":"hexo","hostname":"coding.ide","pid":27884,"level":20,"msg":"Processed: \u001b[35mlanguages/pt.yml\u001b[39m","time":"2016-12-16T11:00:06.293Z","v":0}
{"name":"hexo","hostname":"coding.ide","pid":27884,"level":20,"msg":"Processed: \u001b[35mlanguages/ru.yml\u001b[39m","time":"2016-12-16T11:00:06.293Z","v":0}
{"name":"hexo","hostname":"coding.ide","pid":27884,"level":20,"msg":"Processed: \u001b[35mlanguages/zh-Hans.yml\u001b[39m","time":"2016-12-16T11:00:06.294Z","v":0}
{"name":"hexo","hostname":"coding.ide","pid":27884,"level":20,"msg":"Processed: \u001b[35mlanguages/zh-hk.yml\u001b[39m","time":"2016-12-16T11:00:06.294Z","v":0}
{"name":"hexo","hostname":"coding.ide","pid":27884,"level":20,"msg":"Processed: \u001b[35mlanguages/zh-tw.yml\u001b[39m","time":"2016-12-16T11:00:06.294Z","v":0}
{"name":"hexo","hostname":"coding.ide","pid":27884,"level":20,"msg":"Processed: \u001b[35msource/js/src/affix.js\u001b[39m","time":"2016-12-16T11:00:06.294Z","v":0}
{"name":"hexo","hostname":"coding.ide","pid":27884,"level":20,"msg":"Processed: \u001b[35msource/js/src/algolia-search.js\u001b[39m","time":"2016-12-16T11:00:06.295Z","v":0}
{"name":"hexo","hostname":"coding.ide","pid":27884,"level":20,"msg":"Processed: \u001b[35msource/js/src/bootstrap.js\u001b[39m","time":"2016-12-16T11:00:06.295Z","v":0}
{"name":"hexo","hostname":"coding.ide","pid":27884,"level":20,"msg":"Processed: \u001b[35msource/js/src/hook-duoshuo.js\u001b[39m","time":"2016-12-16T11:00:06.295Z","v":0}
{"name":"hexo","hostname":"coding.ide","pid":27884,"level":20,"msg":"Processed: \u001b[35msource/js/src/motion.js\u001b[39m","time":"2016-12-16T11:00:06.295Z","v":0}
{"name":"hexo","hostname":"coding.ide","pid":27884,"level":20,"msg":"Processed: \u001b[35msource/js/src/post-details.js\u001b[39m","time":"2016-12-16T11:00:06.296Z","v":0}
{"name":"hexo","hostname":"coding.ide","pid":27884,"level":20,"msg":"Processed: \u001b[35msource/js/src/scrollspy.js\u001b[39m","time":"2016-12-16T11:00:06.296Z","v":0}
{"name":"hexo","hostname":"coding.ide","pid":27884,"level":20,"msg":"Processed: \u001b[35msource/lib/fastclick/LICENSE\u001b[39m","time":"2016-12-16T11:00:06.309Z","v":0}
{"name":"hexo","hostname":"coding.ide","pid":27884,"level":20,"msg":"Processed: \u001b[35msource/lib/fastclick/README.md\u001b[39m","time":"2016-12-16T11:00:06.310Z","v":0}
{"name":"hexo","hostname":"coding.ide","pid":27884,"level":20,"msg":"Processed: \u001b[35msource/lib/fastclick/bower.json\u001b[39m","time":"2016-12-16T11:00:06.311Z","v":0}
{"name":"hexo","hostname":"coding.ide","pid":27884,"level":20,"msg":"Processed: \u001b[35msource/lib/font-awesome/HELP-US-OUT.txt\u001b[39m","time":"2016-12-16T11:00:06.316Z","v":0}
{"name":"hexo","hostname":"coding.ide","pid":27884,"level":20,"msg":"Processed: \u001b[35msource/lib/font-awesome/bower.json\u001b[39m","time":"2016-12-16T11:00:06.317Z","v":0}
{"name":"hexo","hostname":"coding.ide","pid":27884,"level":20,"msg":"Processed: \u001b[35msource/lib/jquery_lazyload/CONTRIBUTING.md\u001b[39m","time":"2016-12-16T11:00:06.317Z","v":0}
{"name":"hexo","hostname":"coding.ide","pid":27884,"level":20,"msg":"Processed: \u001b[35msource/lib/jquery_lazyload/README.md\u001b[39m","time":"2016-12-16T11:00:06.318Z","v":0}
{"name":"hexo","hostname":"coding.ide","pid":27884,"level":20,"msg":"Processed: \u001b[35msource/lib/jquery_lazyload/bower.json\u001b[39m","time":"2016-12-16T11:00:06.318Z","v":0}
{"name":"hexo","hostname":"coding.ide","pid":27884,"level":20,"msg":"Processed: \u001b[35msource/lib/jquery_lazyload/jquery.lazyload.js\u001b[39m","time":"2016-12-16T11:00:06.318Z","v":0}
{"name":"hexo","hostname":"coding.ide","pid":27884,"level":20,"msg":"Processed: \u001b[35msource/lib/jquery_lazyload/jquery.scrollstop.js\u001b[39m","time":"2016-12-16T11:00:06.318Z","v":0}
{"name":"hexo","hostname":"coding.ide","pid":27884,"level":20,"msg":"Processed: \u001b[35msource/lib/velocity/bower.json\u001b[39m","time":"2016-12-16T11:00:06.322Z","v":0}
{"name":"hexo","hostname":"coding.ide","pid":27884,"level":20,"msg":"Processed: \u001b[35msource/lib/velocity/velocity.min.js\u001b[39m","time":"2016-12-16T11:00:06.323Z","v":0}
{"name":"hexo","hostname":"coding.ide","pid":27884,"level":20,"msg":"Processed: \u001b[35msource/lib/velocity/velocity.ui.js\u001b[39m","time":"2016-12-16T11:00:06.323Z","v":0}
{"name":"hexo","hostname":"coding.ide","pid":27884,"level":20,"msg":"Processed: \u001b[35msource/lib/velocity/velocity.ui.min.js\u001b[39m","time":"2016-12-16T11:00:06.323Z","v":0}
{"name":"hexo","hostname":"coding.ide","pid":27884,"level":20,"msg":"Processed: \u001b[35msource/lib/algolia-instant-search/instantsearch.min.css\u001b[39m","time":"2016-12-16T11:00:06.324Z","v":0}
{"name":"hexo","hostname":"coding.ide","pid":27884,"level":20,"msg":"Processed: \u001b[35msource/js/src/utils.js\u001b[39m","time":"2016-12-16T11:00:06.324Z","v":0}
{"name":"hexo","hostname":"coding.ide","pid":27884,"level":20,"msg":"Processed: \u001b[35msource/lib/jquery/index.js\u001b[39m","time":"2016-12-16T11:00:06.362Z","v":0}
{"name":"hexo","hostname":"coding.ide","pid":27884,"level":20,"msg":"Processed: \u001b[35mlayout/_custom/header.swig\u001b[39m","time":"2016-12-16T11:00:06.456Z","v":0}
{"name":"hexo","hostname":"coding.ide","pid":27884,"level":20,"msg":"Processed: \u001b[35mlayout/_custom/sidebar.swig\u001b[39m","time":"2016-12-16T11:00:06.457Z","v":0}
{"name":"hexo","hostname":"coding.ide","pid":27884,"level":20,"msg":"Processed: \u001b[35mlayout/_macro/post-collapse.swig\u001b[39m","time":"2016-12-16T11:00:06.457Z","v":0}
{"name":"hexo","hostname":"coding.ide","pid":27884,"level":20,"msg":"Processed: \u001b[35mlayout/_macro/wechat-subscriber.swig\u001b[39m","time":"2016-12-16T11:00:06.458Z","v":0}
{"name":"hexo","hostname":"coding.ide","pid":27884,"level":20,"msg":"Processed: \u001b[35mlayout/_partials/comments.swig\u001b[39m","time":"2016-12-16T11:00:06.458Z","v":0}
{"name":"hexo","hostname":"coding.ide","pid":27884,"level":20,"msg":"Processed: \u001b[35mlayout/_partials/duoshuo-hot-articles.swig\u001b[39m","time":"2016-12-16T11:00:06.458Z","v":0}
{"name":"hexo","hostname":"coding.ide","pid":27884,"level":20,"msg":"Processed: \u001b[35mlayout/_partials/footer.swig\u001b[39m","time":"2016-12-16T11:00:06.459Z","v":0}
{"name":"hexo","hostname":"coding.ide","pid":27884,"level":20,"msg":"Processed: \u001b[35mlayout/_partials/head.swig\u001b[39m","time":"2016-12-16T11:00:06.459Z","v":0}
{"name":"hexo","hostname":"coding.ide","pid":27884,"level":20,"msg":"Processed: \u001b[35mlayout/_partials/header.swig\u001b[39m","time":"2016-12-16T11:00:06.459Z","v":0}
{"name":"hexo","hostname":"coding.ide","pid":27884,"level":20,"msg":"Processed: \u001b[35mlayout/_partials/page-header.swig\u001b[39m","time":"2016-12-16T11:00:06.460Z","v":0}
{"name":"hexo","hostname":"coding.ide","pid":27884,"level":20,"msg":"Processed: \u001b[35mlayout/_partials/pagination.swig\u001b[39m","time":"2016-12-16T11:00:06.460Z","v":0}
{"name":"hexo","hostname":"coding.ide","pid":27884,"level":20,"msg":"Processed: \u001b[35mlayout/_partials/search.swig\u001b[39m","time":"2016-12-16T11:00:06.460Z","v":0}
{"name":"hexo","hostname":"coding.ide","pid":27884,"level":20,"msg":"Processed: \u001b[35mlayout/_scripts/baidu-push.swig\u001b[39m","time":"2016-12-16T11:00:06.460Z","v":0}
{"name":"hexo","hostname":"coding.ide","pid":27884,"level":20,"msg":"Processed: \u001b[35mlayout/_scripts/boostrap.swig\u001b[39m","time":"2016-12-16T11:00:06.460Z","v":0}
{"name":"hexo","hostname":"coding.ide","pid":27884,"level":20,"msg":"Processed: \u001b[35mlayout/_scripts/commons.swig\u001b[39m","time":"2016-12-16T11:00:06.461Z","v":0}
{"name":"hexo","hostname":"coding.ide","pid":27884,"level":20,"msg":"Processed: \u001b[35mlayout/_scripts/vendors.swig\u001b[39m","time":"2016-12-16T11:00:06.461Z","v":0}
{"name":"hexo","hostname":"coding.ide","pid":27884,"level":20,"msg":"Processed: \u001b[35mlayout/_macro/sidebar.swig\u001b[39m","time":"2016-12-16T11:00:06.461Z","v":0}
{"name":"hexo","hostname":"coding.ide","pid":27884,"level":20,"msg":"Processed: \u001b[35mlayout/_macro/reward.swig\u001b[39m","time":"2016-12-16T11:00:06.461Z","v":0}
{"name":"hexo","hostname":"coding.ide","pid":27884,"level":20,"msg":"Processed: \u001b[35mlayout/_macro/post.swig\u001b[39m","time":"2016-12-16T11:00:06.462Z","v":0}
{"name":"hexo","hostname":"coding.ide","pid":27884,"level":20,"msg":"Processed: \u001b[35msource/js/src/schemes/pisces.js\u001b[39m","time":"2016-12-16T11:00:06.473Z","v":0}
{"name":"hexo","hostname":"coding.ide","pid":27884,"level":20,"msg":"Processed: \u001b[35msource/lib/fancybox/source/blank.gif\u001b[39m","time":"2016-12-16T11:00:06.474Z","v":0}
{"name":"hexo","hostname":"coding.ide","pid":27884,"level":20,"msg":"Processed: \u001b[35msource/lib/fancybox/source/fancybox_loading.gif\u001b[39m","time":"2016-12-16T11:00:06.474Z","v":0}
{"name":"hexo","hostname":"coding.ide","pid":27884,"level":20,"msg":"Processed: \u001b[35msource/lib/fancybox/source/fancybox_loading@2x.gif\u001b[39m","time":"2016-12-16T11:00:06.475Z","v":0}
{"name":"hexo","hostname":"coding.ide","pid":27884,"level":20,"msg":"Processed: \u001b[35msource/lib/fancybox/source/fancybox_overlay.png\u001b[39m","time":"2016-12-16T11:00:06.475Z","v":0}
{"name":"hexo","hostname":"coding.ide","pid":27884,"level":20,"msg":"Processed: \u001b[35msource/lib/fancybox/source/fancybox_sprite.png\u001b[39m","time":"2016-12-16T11:00:06.476Z","v":0}
{"name":"hexo","hostname":"coding.ide","pid":27884,"level":20,"msg":"Processed: \u001b[35msource/lib/fancybox/source/fancybox_sprite@2x.png\u001b[39m","time":"2016-12-16T11:00:06.477Z","v":0}
{"name":"hexo","hostname":"coding.ide","pid":27884,"level":20,"msg":"Processed: \u001b[35msource/lib/fancybox/source/jquery.fancybox.css\u001b[39m","time":"2016-12-16T11:00:06.477Z","v":0}
{"name":"hexo","hostname":"coding.ide","pid":27884,"level":20,"msg":"Processed: \u001b[35msource/lib/fancybox/source/jquery.fancybox.js\u001b[39m","time":"2016-12-16T11:00:06.478Z","v":0}
{"name":"hexo","hostname":"coding.ide","pid":27884,"level":20,"msg":"Processed: \u001b[35msource/lib/fancybox/source/jquery.fancybox.pack.js\u001b[39m","time":"2016-12-16T11:00:06.478Z","v":0}
{"name":"hexo","hostname":"coding.ide","pid":27884,"level":20,"msg":"Processed: \u001b[35msource/lib/fastclick/lib/fastclick.js\u001b[39m","time":"2016-12-16T11:00:06.478Z","v":0}
{"name":"hexo","hostname":"coding.ide","pid":27884,"level":20,"msg":"Processed: \u001b[35msource/lib/fastclick/lib/fastclick.min.js\u001b[39m","time":"2016-12-16T11:00:06.479Z","v":0}
{"name":"hexo","hostname":"coding.ide","pid":27884,"level":20,"msg":"Processed: \u001b[35msource/lib/font-awesome/css/font-awesome.css\u001b[39m","time":"2016-12-16T11:00:06.479Z","v":0}
{"name":"hexo","hostname":"coding.ide","pid":27884,"level":20,"msg":"Processed: \u001b[35msource/lib/font-awesome/css/font-awesome.css.map\u001b[39m","time":"2016-12-16T11:00:06.480Z","v":0}
{"name":"hexo","hostname":"coding.ide","pid":27884,"level":20,"msg":"Processed: \u001b[35msource/lib/font-awesome/css/font-awesome.min.css\u001b[39m","time":"2016-12-16T11:00:06.481Z","v":0}
{"name":"hexo","hostname":"coding.ide","pid":27884,"level":20,"msg":"Processed: \u001b[35msource/lib/ua-parser-js/dist/ua-parser.min.js\u001b[39m","time":"2016-12-16T11:00:06.482Z","v":0}
{"name":"hexo","hostname":"coding.ide","pid":27884,"level":20,"msg":"Processed: \u001b[35msource/lib/ua-parser-js/dist/ua-parser.pack.js\u001b[39m","time":"2016-12-16T11:00:06.482Z","v":0}
{"name":"hexo","hostname":"coding.ide","pid":27884,"level":20,"msg":"Processed: \u001b[35mlayout/_scripts/schemes/mist.swig\u001b[39m","time":"2016-12-16T11:00:06.498Z","v":0}
{"name":"hexo","hostname":"coding.ide","pid":27884,"level":20,"msg":"Processed: \u001b[35mlayout/_scripts/schemes/muse.swig\u001b[39m","time":"2016-12-16T11:00:06.499Z","v":0}
{"name":"hexo","hostname":"coding.ide","pid":27884,"level":20,"msg":"Processed: \u001b[35msource/lib/font-awesome/fonts/FontAwesome.otf\u001b[39m","time":"2016-12-16T11:00:06.501Z","v":0}
{"name":"hexo","hostname":"coding.ide","pid":27884,"level":20,"msg":"Processed: \u001b[35msource/lib/font-awesome/fonts/fontawesome-webfont.eot\u001b[39m","time":"2016-12-16T11:00:06.502Z","v":0}
{"name":"hexo","hostname":"coding.ide","pid":27884,"level":20,"msg":"Processed: \u001b[35msource/lib/font-awesome/fonts/fontawesome-webfont.woff\u001b[39m","time":"2016-12-16T11:00:06.503Z","v":0}
{"name":"hexo","hostname":"coding.ide","pid":27884,"level":20,"msg":"Processed: \u001b[35msource/lib/font-awesome/fonts/fontawesome-webfont.woff2\u001b[39m","time":"2016-12-16T11:00:06.506Z","v":0}
{"name":"hexo","hostname":"coding.ide","pid":27884,"level":20,"msg":"Processed: \u001b[35msource/lib/velocity/velocity.js\u001b[39m","time":"2016-12-16T11:00:06.507Z","v":0}
{"name":"hexo","hostname":"coding.ide","pid":27884,"level":20,"msg":"Processed: \u001b[35mlayout/_components/algolia-search/assets.swig\u001b[39m","time":"2016-12-16T11:00:06.613Z","v":0}
{"name":"hexo","hostname":"coding.ide","pid":27884,"level":20,"msg":"Processed: \u001b[35mlayout/_components/algolia-search/dom.swig\u001b[39m","time":"2016-12-16T11:00:06.615Z","v":0}
{"name":"hexo","hostname":"coding.ide","pid":27884,"level":20,"msg":"Processed: \u001b[35mlayout/_partials/head/custom-head.swig\u001b[39m","time":"2016-12-16T11:00:06.616Z","v":0}
{"name":"hexo","hostname":"coding.ide","pid":27884,"level":20,"msg":"Processed: \u001b[35mlayout/_partials/head/external-fonts.swig\u001b[39m","time":"2016-12-16T11:00:06.616Z","v":0}
{"name":"hexo","hostname":"coding.ide","pid":27884,"level":20,"msg":"Processed: \u001b[35mlayout/_partials/search/localsearch.swig\u001b[39m","time":"2016-12-16T11:00:06.617Z","v":0}
{"name":"hexo","hostname":"coding.ide","pid":27884,"level":20,"msg":"Processed: \u001b[35mlayout/_partials/search/swiftype.swig\u001b[39m","time":"2016-12-16T11:00:06.624Z","v":0}
{"name":"hexo","hostname":"coding.ide","pid":27884,"level":20,"msg":"Processed: \u001b[35mlayout/_partials/search/tinysou.swig\u001b[39m","time":"2016-12-16T11:00:06.625Z","v":0}
{"name":"hexo","hostname":"coding.ide","pid":27884,"level":20,"msg":"Processed: \u001b[35mlayout/_partials/share/add-this.swig\u001b[39m","time":"2016-12-16T11:00:06.625Z","v":0}
{"name":"hexo","hostname":"coding.ide","pid":27884,"level":20,"msg":"Processed: \u001b[35mlayout/_partials/share/baidushare.swig\u001b[39m","time":"2016-12-16T11:00:06.625Z","v":0}
{"name":"hexo","hostname":"coding.ide","pid":27884,"level":20,"msg":"Processed: \u001b[35mlayout/_partials/share/duoshuo_share.swig\u001b[39m","time":"2016-12-16T11:00:06.626Z","v":0}
{"name":"hexo","hostname":"coding.ide","pid":27884,"level":20,"msg":"Processed: \u001b[35mlayout/_partials/share/jiathis.swig\u001b[39m","time":"2016-12-16T11:00:06.626Z","v":0}
{"name":"hexo","hostname":"coding.ide","pid":27884,"level":20,"msg":"Processed: \u001b[35mlayout/_scripts/pages/post-details.swig\u001b[39m","time":"2016-12-16T11:00:06.629Z","v":0}
{"name":"hexo","hostname":"coding.ide","pid":27884,"level":20,"msg":"Processed: \u001b[35mlayout/_scripts/schemes/pisces.swig\u001b[39m","time":"2016-12-16T11:00:06.630Z","v":0}
{"name":"hexo","hostname":"coding.ide","pid":27884,"level":20,"msg":"Processed: \u001b[35mlayout/_scripts/third-party/analytics.swig\u001b[39m","time":"2016-12-16T11:00:06.631Z","v":0}
{"name":"hexo","hostname":"coding.ide","pid":27884,"level":20,"msg":"Processed: \u001b[35mlayout/_scripts/third-party/comments.swig\u001b[39m","time":"2016-12-16T11:00:06.631Z","v":0}
{"name":"hexo","hostname":"coding.ide","pid":27884,"level":20,"msg":"Processed: \u001b[35mlayout/_scripts/third-party/lean-analytics.swig\u001b[39m","time":"2016-12-16T11:00:06.631Z","v":0}
{"name":"hexo","hostname":"coding.ide","pid":27884,"level":20,"msg":"Processed: \u001b[35mlayout/_scripts/third-party/localsearch.swig\u001b[39m","time":"2016-12-16T11:00:06.632Z","v":0}
{"name":"hexo","hostname":"coding.ide","pid":27884,"level":20,"msg":"Processed: \u001b[35mlayout/_scripts/third-party/mathjax.swig\u001b[39m","time":"2016-12-16T11:00:06.632Z","v":0}
{"name":"hexo","hostname":"coding.ide","pid":27884,"level":20,"msg":"Processed: \u001b[35mlayout/_scripts/third-party/schedule.swig\u001b[39m","time":"2016-12-16T11:00:06.632Z","v":0}
{"name":"hexo","hostname":"coding.ide","pid":27884,"level":20,"msg":"Processed: \u001b[35mlayout/_scripts/third-party/tinysou.swig\u001b[39m","time":"2016-12-16T11:00:06.632Z","v":0}
{"name":"hexo","hostname":"coding.ide","pid":27884,"level":20,"msg":"Processed: \u001b[35msource/lib/fancybox/source/helpers/fancybox_buttons.png\u001b[39m","time":"2016-12-16T11:00:06.652Z","v":0}
{"name":"hexo","hostname":"coding.ide","pid":27884,"level":20,"msg":"Processed: \u001b[35msource/lib/fancybox/source/helpers/jquery.fancybox-buttons.css\u001b[39m","time":"2016-12-16T11:00:06.653Z","v":0}
{"name":"hexo","hostname":"coding.ide","pid":27884,"level":20,"msg":"Processed: \u001b[35msource/lib/fancybox/source/helpers/jquery.fancybox-buttons.js\u001b[39m","time":"2016-12-16T11:00:06.664Z","v":0}
{"name":"hexo","hostname":"coding.ide","pid":27884,"level":20,"msg":"Processed: \u001b[35msource/lib/fancybox/source/helpers/jquery.fancybox-media.js\u001b[39m","time":"2016-12-16T11:00:06.667Z","v":0}
{"name":"hexo","hostname":"coding.ide","pid":27884,"level":20,"msg":"Processed: \u001b[35msource/lib/fancybox/source/helpers/jquery.fancybox-thumbs.css\u001b[39m","time":"2016-12-16T11:00:06.668Z","v":0}
{"name":"hexo","hostname":"coding.ide","pid":27884,"level":20,"msg":"Processed: \u001b[35msource/lib/fancybox/source/helpers/jquery.fancybox-thumbs.js\u001b[39m","time":"2016-12-16T11:00:06.669Z","v":0}
{"name":"hexo","hostname":"coding.ide","pid":27884,"level":20,"msg":"Processed: \u001b[35msource/lib/font-awesome/fonts/fontawesome-webfont.ttf\u001b[39m","time":"2016-12-16T11:00:06.669Z","v":0}
{"name":"hexo","hostname":"coding.ide","pid":27884,"level":20,"msg":"Processed: \u001b[35mlayout/_scripts/third-party/analytics/application-insights.swig\u001b[39m","time":"2016-12-16T11:00:06.697Z","v":0}
{"name":"hexo","hostname":"coding.ide","pid":27884,"level":20,"msg":"Processed: \u001b[35mlayout/_scripts/third-party/analytics/baidu-analytics.swig\u001b[39m","time":"2016-12-16T11:00:06.698Z","v":0}
{"name":"hexo","hostname":"coding.ide","pid":27884,"level":20,"msg":"Processed: \u001b[35mlayout/_scripts/third-party/analytics/busuanzi-counter.swig\u001b[39m","time":"2016-12-16T11:00:06.700Z","v":0}
{"name":"hexo","hostname":"coding.ide","pid":27884,"level":20,"msg":"Processed: \u001b[35mlayout/_scripts/third-party/analytics/cnzz-analytics.swig\u001b[39m","time":"2016-12-16T11:00:06.700Z","v":0}
{"name":"hexo","hostname":"coding.ide","pid":27884,"level":20,"msg":"Processed: \u001b[35mlayout/_scripts/third-party/analytics/facebook-sdk.swig\u001b[39m","time":"2016-12-16T11:00:06.700Z","v":0}
{"name":"hexo","hostname":"coding.ide","pid":27884,"level":20,"msg":"Processed: \u001b[35mlayout/_scripts/third-party/analytics/google-analytics.swig\u001b[39m","time":"2016-12-16T11:00:06.702Z","v":0}
{"name":"hexo","hostname":"coding.ide","pid":27884,"level":20,"msg":"Processed: \u001b[35mlayout/_scripts/third-party/analytics/tencent-analytics.swig\u001b[39m","time":"2016-12-16T11:00:06.702Z","v":0}
{"name":"hexo","hostname":"coding.ide","pid":27884,"level":20,"msg":"Processed: \u001b[35mlayout/_scripts/third-party/comments/disqus.swig\u001b[39m","time":"2016-12-16T11:00:06.702Z","v":0}
{"name":"hexo","hostname":"coding.ide","pid":27884,"level":20,"msg":"Processed: \u001b[35mlayout/_scripts/third-party/comments/duoshuo.swig\u001b[39m","time":"2016-12-16T11:00:06.703Z","v":0}
{"name":"hexo","hostname":"coding.ide","pid":27884,"level":20,"msg":"Processed: \u001b[35mlayout/_scripts/third-party/comments/hypercomments.swig\u001b[39m","time":"2016-12-16T11:00:06.705Z","v":0}
{"name":"hexo","hostname":"coding.ide","pid":27884,"level":20,"msg":"Processed: \u001b[35msource/lib/algolia-instant-search/instantsearch.min.js\u001b[39m","time":"2016-12-16T11:00:06.707Z","v":0}
{"name":"hexo","hostname":"coding.ide","pid":27884,"level":20,"msg":"Processed: \u001b[35msource/lib/font-awesome/fonts/fontawesome-webfont.svg\u001b[39m","time":"2016-12-16T11:00:06.729Z","v":0}
{"name":"hexo","hostname":"coding.ide","pid":27884,"level":20,"msg":"Generator: \u001b[35mpage\u001b[39m","time":"2016-12-16T11:00:07.300Z","v":0}
{"name":"hexo","hostname":"coding.ide","pid":27884,"level":20,"msg":"Generator: \u001b[35mpost\u001b[39m","time":"2016-12-16T11:00:07.301Z","v":0}
{"name":"hexo","hostname":"coding.ide","pid":27884,"level":20,"msg":"Generator: \u001b[35marchive\u001b[39m","time":"2016-12-16T11:00:07.301Z","v":0}
{"name":"hexo","hostname":"coding.ide","pid":27884,"level":20,"msg":"Generator: \u001b[35mcategory\u001b[39m","time":"2016-12-16T11:00:07.302Z","v":0}
{"name":"hexo","hostname":"coding.ide","pid":27884,"level":20,"msg":"Generator: \u001b[35mindex\u001b[39m","time":"2016-12-16T11:00:07.302Z","v":0}
{"name":"hexo","hostname":"coding.ide","pid":27884,"level":20,"msg":"Generator: \u001b[35mtag\u001b[39m","time":"2016-12-16T11:00:07.302Z","v":0}
{"name":"hexo","hostname":"coding.ide","pid":27884,"level":20,"msg":"Generator: \u001b[35masset\u001b[39m","time":"2016-12-16T11:00:07.306Z","v":0}
{"name":"hexo","hostname":"coding.ide","pid":27884,"level":30,"msg":"Hexo is running at \u001b[4mhttp://localhost:4000/\u001b[24m. Press Ctrl+C to stop.","time":"2016-12-16T11:00:07.337Z","v":0}
{"name":"hexo","hostname":"coding.ide","pid":27884,"level":20,"msg":"Database saved","time":"2016-12-16T11:00:07.404Z","v":0}
{"name":"hexo","hostname":"coding.ide","pid":27884,"level":20,"msg":"Rendering index: \u001b[35mindex.html\u001b[39m","time":"2016-12-16T11:00:12.484Z","v":0}
{"name":"hexo","hostname":"coding.ide","pid":27884,"level":20,"msg":"Rendering page: \u001b[35mcategories/index.html\u001b[39m","time":"2016-12-16T11:00:17.916Z","v":0}
{"name":"hexo","hostname":"coding.ide","pid":27884,"level":30,"msg":"Farewell","time":"2016-12-16T11:04:29.316Z","v":0}
{"name":"hexo","hostname":"coding.ide","pid":27884,"level":20,"msg":"Database saved","time":"2016-12-16T11:04:29.371Z","v":0}
